<?xml version="1.0" encoding="UTF-8"?>
<!-- Generated by org.testng.reporters.JUnitReportReporter -->
<testsuite hostname="TYSS-MF-WACOM1" name="scripts.TestScripts" tests="1" failures="0" timestamp="23 Nov 2017 02:58:05 GMT" time="23.957" errors="0">
  <testcase name="testCreateEmployee" time="23.957" classname="scripts.TestScripts"/>
</testsuite> <!-- scripts.TestScripts -->
